<?xml version="1.0" encoding="UTF-8"?>
<testng-results ignored="0" total="2" passed="2" failed="0" skipped="0">
  <reporter-output>
  </reporter-output>
  <suite started-at="2025-03-06T19:50:09 IST" name="Default suite" finished-at="2025-03-06T19:50:58 IST" duration-ms="49051">
    <groups>
    </groups>
    <test started-at="2025-03-06T19:50:09 IST" name="Default test" finished-at="2025-03-06T19:50:58 IST" duration-ms="49051">
      <class name="sellxpert.LeadTest">
        <test-method is-config="true" signature="setupReport()[pri:0, instance:sellxpert.LeadTest@74235045]" started-at="2025-03-06T19:50:08 IST" name="setupReport" finished-at="2025-03-06T19:50:09 IST" duration-ms="679" status="PASS">
          <reporter-output>
          </reporter-output>
        </test-method> <!-- setupReport -->
        <test-method is-config="true" signature="setup()[pri:0, instance:sellxpert.LeadTest@74235045]" started-at="2025-03-06T19:50:09 IST" name="setup" finished-at="2025-03-06T19:50:15 IST" duration-ms="6282" status="PASS">
          <reporter-output>
          </reporter-output>
        </test-method> <!-- setup -->
        <test-method signature="testLeadCreation()[pri:0, instance:sellxpert.LeadTest@74235045]" started-at="2025-03-06T19:50:15 IST" name="testLeadCreation" finished-at="2025-03-06T19:50:41 IST" duration-ms="25267" status="PASS">
          <reporter-output>
          </reporter-output>
        </test-method> <!-- testLeadCreation -->
        <test-method is-config="true" signature="captureFailure(org.testng.ITestResult)[pri:0, instance:sellxpert.LeadTest@74235045]" started-at="2025-03-06T19:50:41 IST" name="captureFailure" finished-at="2025-03-06T19:50:41 IST" duration-ms="9" status="PASS">
          <params>
            <param index="0">
              <value>
                <![CDATA[[TestResult name=testLeadCreation status=SUCCESS method=LeadTest.testLeadCreation()[pri:0, instance:sellxpert.LeadTest@74235045] output={null}]]]>
              </value>
            </param>
          </params>
          <reporter-output>
          </reporter-output>
        </test-method> <!-- captureFailure -->
        <test-method signature="testLeadEdit()[pri:0, instance:sellxpert.LeadTest@74235045]" started-at="2025-03-06T19:50:41 IST" name="testLeadEdit" finished-at="2025-03-06T19:50:56 IST" duration-ms="15172" status="PASS">
          <reporter-output>
          </reporter-output>
        </test-method> <!-- testLeadEdit -->
        <test-method is-config="true" signature="captureFailure(org.testng.ITestResult)[pri:0, instance:sellxpert.LeadTest@74235045]" started-at="2025-03-06T19:50:56 IST" name="captureFailure" finished-at="2025-03-06T19:50:56 IST" duration-ms="1" status="PASS">
          <params>
            <param index="0">
              <value>
                <![CDATA[[TestResult name=testLeadEdit status=SUCCESS method=LeadTest.testLeadEdit()[pri:0, instance:sellxpert.LeadTest@74235045] output={null}]]]>
              </value>
            </param>
          </params>
          <reporter-output>
          </reporter-output>
        </test-method> <!-- captureFailure -->
        <test-method is-config="true" signature="tearDown()[pri:0, instance:sellxpert.LeadTest@74235045]" started-at="2025-03-06T19:50:56 IST" name="tearDown" finished-at="2025-03-06T19:50:58 IST" duration-ms="2154" status="PASS">
          <reporter-output>
          </reporter-output>
        </test-method> <!-- tearDown -->
        <test-method is-config="true" signature="generateReport()[pri:0, instance:sellxpert.LeadTest@74235045]" started-at="2025-03-06T19:50:58 IST" name="generateReport" finished-at="2025-03-06T19:50:59 IST" duration-ms="888" status="PASS">
          <reporter-output>
          </reporter-output>
        </test-method> <!-- generateReport -->
      </class> <!-- sellxpert.LeadTest -->
    </test> <!-- Default test -->
  </suite> <!-- Default suite -->
</testng-results>
