<?xml version="1.0" encoding="UTF-8"?>
<!-- Generated by org.testng.reporters.JUnitXMLReporter -->
<testsuite ignored="7" hostname="DESKTOP-RD9VEMS" failures="0" tests="0" time="0.014" errors="0" timestamp="2025-04-06T14:13:17 IST">
  <testcase classname="sellxpert.LeadTest" name="editLead" time="0.0">
    <ignored/>
  </testcase> <!-- editLead -->
  <testcase classname="sellxpert.LeadTest" name="navigateToLeadForm" time="0.0">
    <ignored/>
  </testcase> <!-- navigateToLeadForm -->
  <testcase classname="sellxpert.LeadTest" name="addCustomer" time="0.0">
    <ignored/>
  </testcase> <!-- addCustomer -->
  <testcase classname="sellxpert.LeadTest" name="login" time="0.0">
    <ignored/>
  </testcase> <!-- login -->
  <testcase classname="sellxpert.LeadTest" name="saveLead" time="0.0">
    <ignored/>
  </testcase> <!-- saveLead -->
  <testcase classname="sellxpert.LeadTest" name="deleteLead" time="0.0">
    <ignored/>
  </testcase> <!-- deleteLead -->
  <testcase classname="sellxpert.LeadTest" name="selectDropdownOption" time="0.0">
    <ignored/>
  </testcase> <!-- selectDropdownOption -->
</testsuite>
